<?xml version="1.0" encoding="UTF-8"?>
<!-- Generated by org.testng.reporters.JUnitReportReporter -->
<testsuite hostname="HP" name="com.runner.TestRunnerClass" tests="3" failures="0" timestamp="19 Feb 2020 11:34:09 GMT" time="122.970" errors="0">
  <testcase name="runScenario" time="41.722" classname="com.runner.TestRunnerClass"/>
  <testcase name="runScenario" time="37.539" classname="com.runner.TestRunnerClass"/>
  <testcase name="runScenario" time="43.709" classname="com.runner.TestRunnerClass"/>
</testsuite> <!-- com.runner.TestRunnerClass -->
